#
# There is insufficient memory for the Java Runtime Environment to continue.
# Native memory allocation (malloc) failed to allocate 32744 bytes for ChunkPool::allocate
# Possible reasons:
#   The system is out of physical RAM or swap space
#   The process is running with CompressedOops enabled, and the Java Heap may be blocking the growth of the native heap
# Possible solutions:
#   Reduce memory load on the system
#   Increase physical memory or swap space
#   Check if swap backing store is full
#   Decrease Java heap size (-Xmx/-Xms)
#   Decrease number of Java threads
#   Decrease Java thread stack sizes (-Xss)
#   Set larger code cache with -XX:ReservedCodeCacheSize=
#   JVM is running with Zero Based Compressed Oops mode in which the Java heap is
#     placed in the first 32GB address space. The Java Heap base address is the
#     maximum limit for the native heap growth. Please use -XX:HeapBaseMinAddress
#     to set the Java Heap base and to place the Java Heap above 32GB virtual address.
# This output file may be truncated or incomplete.
#
#  Out of Memory Error (./open/src/hotspot/share/memory/arena.cpp:79), pid=10200, tid=15884
#
# JRE version: OpenJDK Runtime Environment (15.0.2+7) (build 15.0.2+7-27)
# Java VM: OpenJDK 64-Bit Server VM (15.0.2+7-27, mixed mode, tiered, compressed oops, g1 gc, windows-amd64)
# No core dump will be written. Minidumps are not enabled by default on client versions of Windows
#

---------------  S U M M A R Y ------------

Command Line: -Dfile.encoding=UTF-8 -XX:+ShowCodeDetailsInExceptionMessages com.project.EmployeeAnonymous

Host: Intel(R) Core(TM) i5-8250U CPU @ 1.60GHz, 8 cores, 11G,  Windows 10 , 64 bit Build 19041 (10.0.19041.928)
Time: Thu May  6 16:55:55 2021 대한민국 표준시 elapsed time: 0.178848 seconds (0d 0h 0m 0s)

---------------  T H R E A D  ---------------

Current thread (0x000001f824ad12f0):  JavaThread "C2 CompilerThread0" daemon [_thread_in_native, id=15884, stack(0x000000e775100000,0x000000e775200000)]


Current CompileTask:
C2:    178  193       4       java.lang.StringUTF16::putChar (54 bytes)

Stack: [0x000000e775100000,0x000000e775200000]
Native frames: (J=compiled Java code, j=interpreted, Vv=VM code, C=native code)
V  [jvm.dll+0x62ae9a]
V  [jvm.dll+0x7817a9]
V  [jvm.dll+0x782f03]
V  [jvm.dll+0x783563]
V  [jvm.dll+0x216325]
V  [jvm.dll+0x982cf]
V  [jvm.dll+0x9861c]
V  [jvm.dll+0x5b63ef]
V  [jvm.dll+0x5b657b]
V  [jvm.dll+0x5bb20e]
V  [jvm.dll+0x5bc40a]
V  [jvm.dll+0x5ba6de]
V  [jvm.dll+0x1ea598]
V  [jvm.dll+0x1e996e]
V  [jvm.dll+0x178567]
V  [jvm.dll+0x1f9225]
V  [jvm.dll+0x1f72cc]
V  [jvm.dll+0x74495d]
V  [jvm.dll+0x73d75a]
V  [jvm.dll+0x629c56]
C  [ucrtbase.dll+0x21bb2]
C  [KERNEL32.DLL+0x17034]
C  [ntdll.dll+0x52651]


---------------  P R O C E S S  ---------------

Threads class SMR info:
_java_thread_list=0x000001f824c65260, length=11, elements={
0x000001f80796ff00, 0x000001f824abb950, 0x000001f824abc420, 0x000001f824ac8da0,
0x000001f824acb670, 0x000001f824acdf40, 0x000001f824ad12f0, 0x000001f824ad1ca0,
0x000001f824b02250, 0x000001f824c7e420, 0x000001f824c92670
}

Java Threads: ( => current thread )
  0x000001f80796ff00 JavaThread "main" [_thread_in_native, id=14248, stack(0x000000e774500000,0x000000e774600000)]
  0x000001f824abb950 JavaThread "Reference Handler" daemon [_thread_blocked, id=14988, stack(0x000000e774c00000,0x000000e774d00000)]
  0x000001f824abc420 JavaThread "Finalizer" daemon [_thread_blocked, id=17356, stack(0x000000e774d00000,0x000000e774e00000)]
  0x000001f824ac8da0 JavaThread "Signal Dispatcher" daemon [_thread_blocked, id=3856, stack(0x000000e774e00000,0x000000e774f00000)]
  0x000001f824acb670 JavaThread "Attach Listener" daemon [_thread_blocked, id=11100, stack(0x000000e774f00000,0x000000e775000000)]
  0x000001f824acdf40 JavaThread "Service Thread" daemon [_thread_blocked, id=16004, stack(0x000000e775000000,0x000000e775100000)]
=>0x000001f824ad12f0 JavaThread "C2 CompilerThread0" daemon [_thread_in_native, id=15884, stack(0x000000e775100000,0x000000e775200000)]
  0x000001f824ad1ca0 JavaThread "C1 CompilerThread0" daemon [_thread_blocked, id=6964, stack(0x000000e775200000,0x000000e775300000)]
  0x000001f824b02250 JavaThread "Sweeper thread" daemon [_thread_blocked, id=15340, stack(0x000000e775300000,0x000000e775400000)]
  0x000001f824c7e420 JavaThread "Notification Thread" daemon [_thread_blocked, id=13220, stack(0x000000e775400000,0x000000e775500000)]
  0x000001f824c92670 JavaThread "Common-Cleaner" daemon [_thread_blocked, id=11780, stack(0x000000e775600000,0x000000e775700000)]

Other Threads:
  0x000001f824a80390 VMThread "VM Thread" [stack: 0x000000e774b00000,0x000000e774c00000] [id=8244]
  0x000001f824c91f50 WatcherThread [stack: 0x000000e775500000,0x000000e775600000] [id=10276]
  0x000001f8079b5610 GCTaskThread "GC Thread#0" [stack: 0x000000e774600000,0x000000e774700000] [id=16680]
  0x000001f8079c2dc0 ConcurrentGCThread "G1 Main Marker" [stack: 0x000000e774700000,0x000000e774800000] [id=8052]
  0x000001f8079c48c0 ConcurrentGCThread "G1 Conc#0" [stack: 0x000000e774800000,0x000000e774900000] [id=16532]
  0x000001f807a37940 ConcurrentGCThread "G1 Refine#0" [stack: 0x000000e774900000,0x000000e774a00000] [id=15972]
  0x000001f8240c14a0 ConcurrentGCThread "G1 Young RemSet Sampling" [stack: 0x000000e774a00000,0x000000e774b00000] [id=11064]

Threads with active compile tasks:
C2 CompilerThread0      199  193       4       java.lang.StringUTF16::putChar (54 bytes)

VM state: not at safepoint (normal execution)

VM Mutex/Monitor currently owned by a thread: None

Heap address: 0x0000000741c00000, size: 3044 MB, Compressed Oops mode: Zero based, Oop shift amount: 3
CDS disabled.
Compressed class space mapped at: 0x0000000800000000-0x0000000840000000, size: 1073741824
Narrow klass base: 0x0000000800000000, Narrow klass shift: 0, Narrow klass range: 0x40000000

GC Precious Log:
 CPUs: 8 total, 8 available
 Memory: 12172M
 Large Page Support: Disabled
 NUMA Support: Disabled
 Compressed Oops: Enabled (Zero based)
 Heap Region Size: 2M
 Heap Min Capacity: 8M
 Heap Initial Capacity: 192M
 Heap Max Capacity: 3044M
 Pre-touch: Disabled
 Parallel Workers: 8
 Concurrent Workers: 2
 Concurrent Refinement Workers: 8
 Periodic GC: Disabled

Heap:
 garbage-first heap   total 196608K, used 2048K [0x0000000741c00000, 0x0000000800000000)
  region size 2048K, 2 young (4096K), 0 survivors (0K)
 Metaspace       used 6791K, capacity 6967K, committed 7040K, reserved 1064960K
  class space    used 572K, capacity 589K, committed 640K, reserved 1048576K

Heap Regions: E=young(eden), S=young(survivor), O=old, HS=humongous(starts), HC=humongous(continues), CS=collection set, F=free, OA=open archive, CA=closed archive, TAMS=top-at-mark-start (previous, next)
|   0|0x0000000741c00000, 0x0000000741c00000, 0x0000000741e00000|  0%| F|  |TAMS 0x0000000741c00000, 0x0000000741c00000| Untracked 
|   1|0x0000000741e00000, 0x0000000741e00000, 0x0000000742000000|  0%| F|  |TAMS 0x0000000741e00000, 0x0000000741e00000| Untracked 
|   2|0x0000000742000000, 0x0000000742000000, 0x0000000742200000|  0%| F|  |TAMS 0x0000000742000000, 0x0000000742000000| Untracked 
|   3|0x0000000742200000, 0x0000000742200000, 0x0000000742400000|  0%| F|  |TAMS 0x0000000742200000, 0x0000000742200000| Untracked 
|   4|0x0000000742400000, 0x0000000742400000, 0x0000000742600000|  0%| F|  |TAMS 0x0000000742400000, 0x0000000742400000| Untracked 
|   5|0x0000000742600000, 0x0000000742600000, 0x0000000742800000|  0%| F|  |TAMS 0x0000000742600000, 0x0000000742600000| Untracked 
|   6|0x0000000742800000, 0x0000000742800000, 0x0000000742a00000|  0%| F|  |TAMS 0x0000000742800000, 0x0000000742800000| Untracked 
|   7|0x0000000742a00000, 0x0000000742a00000, 0x0000000742c00000|  0%| F|  |TAMS 0x0000000742a00000, 0x0000000742a00000| Untracked 
|   8|0x0000000742c00000, 0x0000000742c00000, 0x0000000742e00000|  0%| F|  |TAMS 0x0000000742c00000, 0x0000000742c00000| Untracked 
|   9|0x0000000742e00000, 0x0000000742e00000, 0x0000000743000000|  0%| F|  |TAMS 0x0000000742e00000, 0x0000000742e00000| Untracked 
|  10|0x0000000743000000, 0x0000000743000000, 0x0000000743200000|  0%| F|  |TAMS 0x0000000743000000, 0x0000000743000000| Untracked 
|  11|0x0000000743200000, 0x0000000743200000, 0x0000000743400000|  0%| F|  |TAMS 0x0000000743200000, 0x0000000743200000| Untracked 
|  12|0x0000000743400000, 0x0000000743400000, 0x0000000743600000|  0%| F|  |TAMS 0x0000000743400000, 0x0000000743400000| Untracked 
|  13|0x0000000743600000, 0x0000000743600000, 0x0000000743800000|  0%| F|  |TAMS 0x0000000743600000, 0x0000000743600000| Untracked 
|  14|0x0000000743800000, 0x0000000743800000, 0x0000000743a00000|  0%| F|  |TAMS 0x0000000743800000, 0x0000000743800000| Untracked 
|  15|0x0000000743a00000, 0x0000000743a00000, 0x0000000743c00000|  0%| F|  |TAMS 0x0000000743a00000, 0x0000000743a00000| Untracked 
|  16|0x0000000743c00000, 0x0000000743c00000, 0x0000000743e00000|  0%| F|  |TAMS 0x0000000743c00000, 0x0000000743c00000| Untracked 
|  17|0x0000000743e00000, 0x0000000743e00000, 0x0000000744000000|  0%| F|  |TAMS 0x0000000743e00000, 0x0000000743e00000| Untracked 
|  18|0x0000000744000000, 0x0000000744000000, 0x0000000744200000|  0%| F|  |TAMS 0x0000000744000000, 0x0000000744000000| Untracked 
|  19|0x0000000744200000, 0x0000000744200000, 0x0000000744400000|  0%| F|  |TAMS 0x0000000744200000, 0x0000000744200000| Untracked 
|  20|0x0000000744400000, 0x0000000744400000, 0x0000000744600000|  0%| F|  |TAMS 0x0000000744400000, 0x0000000744400000| Untracked 
|  21|0x0000000744600000, 0x0000000744600000, 0x0000000744800000|  0%| F|  |TAMS 0x0000000744600000, 0x0000000744600000| Untracked 
|  22|0x0000000744800000, 0x0000000744800000, 0x0000000744a00000|  0%| F|  |TAMS 0x0000000744800000, 0x0000000744800000| Untracked 
|  23|0x0000000744a00000, 0x0000000744a00000, 0x0000000744c00000|  0%| F|  |TAMS 0x0000000744a00000, 0x0000000744a00000| Untracked 
|  24|0x0000000744c00000, 0x0000000744c00000, 0x0000000744e00000|  0%| F|  |TAMS 0x0000000744c00000, 0x0000000744c00000| Untracked 
|  25|0x0000000744e00000, 0x0000000744e00000, 0x0000000745000000|  0%| F|  |TAMS 0x0000000744e00000, 0x0000000744e00000| Untracked 
|  26|0x0000000745000000, 0x0000000745000000, 0x0000000745200000|  0%| F|  |TAMS 0x0000000745000000, 0x0000000745000000| Untracked 
|  27|0x0000000745200000, 0x0000000745200000, 0x0000000745400000|  0%| F|  |TAMS 0x0000000745200000, 0x0000000745200000| Untracked 
|  28|0x0000000745400000, 0x0000000745400000, 0x0000000745600000|  0%| F|  |TAMS 0x0000000745400000, 0x0000000745400000| Untracked 
|  29|0x0000000745600000, 0x0000000745600000, 0x0000000745800000|  0%| F|  |TAMS 0x0000000745600000, 0x0000000745600000| Untracked 
|  30|0x0000000745800000, 0x0000000745800000, 0x0000000745a00000|  0%| F|  |TAMS 0x0000000745800000, 0x0000000745800000| Untracked 
|  31|0x0000000745a00000, 0x0000000745a00000, 0x0000000745c00000|  0%| F|  |TAMS 0x0000000745a00000, 0x0000000745a00000| Untracked 
|  32|0x0000000745c00000, 0x0000000745c00000, 0x0000000745e00000|  0%| F|  |TAMS 0x0000000745c00000, 0x0000000745c00000| Untracked 
|  33|0x0000000745e00000, 0x0000000745e00000, 0x0000000746000000|  0%| F|  |TAMS 0x0000000745e00000, 0x0000000745e00000| Untracked 
|  34|0x0000000746000000, 0x0000000746000000, 0x0000000746200000|  0%| F|  |TAMS 0x0000000746000000, 0x0000000746000000| Untracked 
|  35|0x0000000746200000, 0x0000000746200000, 0x0000000746400000|  0%| F|  |TAMS 0x0000000746200000, 0x0000000746200000| Untracked 
|  36|0x0000000746400000, 0x0000000746400000, 0x0000000746600000|  0%| F|  |TAMS 0x0000000746400000, 0x0000000746400000| Untracked 
|  37|0x0000000746600000, 0x0000000746600000, 0x0000000746800000|  0%| F|  |TAMS 0x0000000746600000, 0x0000000746600000| Untracked 
|  38|0x0000000746800000, 0x0000000746800000, 0x0000000746a00000|  0%| F|  |TAMS 0x0000000746800000, 0x0000000746800000| Untracked 
|  39|0x0000000746a00000, 0x0000000746a00000, 0x0000000746c00000|  0%| F|  |TAMS 0x0000000746a00000, 0x0000000746a00000| Untracked 
|  40|0x0000000746c00000, 0x0000000746c00000, 0x0000000746e00000|  0%| F|  |TAMS 0x0000000746c00000, 0x0000000746c00000| Untracked 
|  41|0x0000000746e00000, 0x0000000746e00000, 0x0000000747000000|  0%| F|  |TAMS 0x0000000746e00000, 0x0000000746e00000| Untracked 
|  42|0x0000000747000000, 0x0000000747000000, 0x0000000747200000|  0%| F|  |TAMS 0x0000000747000000, 0x0000000747000000| Untracked 
|  43|0x0000000747200000, 0x0000000747200000, 0x0000000747400000|  0%| F|  |TAMS 0x0000000747200000, 0x0000000747200000| Untracked 
|  44|0x0000000747400000, 0x0000000747400000, 0x0000000747600000|  0%| F|  |TAMS 0x0000000747400000, 0x0000000747400000| Untracked 
|  45|0x0000000747600000, 0x0000000747600000, 0x0000000747800000|  0%| F|  |TAMS 0x0000000747600000, 0x0000000747600000| Untracked 
|  46|0x0000000747800000, 0x0000000747800000, 0x0000000747a00000|  0%| F|  |TAMS 0x0000000747800000, 0x0000000747800000| Untracked 
|  47|0x0000000747a00000, 0x0000000747a00000, 0x0000000747c00000|  0%| F|  |TAMS 0x0000000747a00000, 0x0000000747a00000| Untracked 
|  48|0x0000000747c00000, 0x0000000747c00000, 0x0000000747e00000|  0%| F|  |TAMS 0x0000000747c00000, 0x0000000747c00000| Untracked 
|  49|0x0000000747e00000, 0x0000000747e00000, 0x0000000748000000|  0%| F|  |TAMS 0x0000000747e00000, 0x0000000747e00000| Untracked 
|  50|0x0000000748000000, 0x0000000748000000, 0x0000000748200000|  0%| F|  |TAMS 0x0000000748000000, 0x0000000748000000| Untracked 
|  51|0x0000000748200000, 0x0000000748200000, 0x0000000748400000|  0%| F|  |TAMS 0x0000000748200000, 0x0000000748200000| Untracked 
|  52|0x0000000748400000, 0x0000000748400000, 0x0000000748600000|  0%| F|  |TAMS 0x0000000748400000, 0x0000000748400000| Untracked 
|  53|0x0000000748600000, 0x0000000748600000, 0x0000000748800000|  0%| F|  |TAMS 0x0000000748600000, 0x0000000748600000| Untracked 
|  54|0x0000000748800000, 0x0000000748800000, 0x0000000748a00000|  0%| F|  |TAMS 0x0000000748800000, 0x0000000748800000| Untracked 
|  55|0x0000000748a00000, 0x0000000748a00000, 0x0000000748c00000|  0%| F|  |TAMS 0x0000000748a00000, 0x0000000748a00000| Untracked 
|  56|0x0000000748c00000, 0x0000000748c00000, 0x0000000748e00000|  0%| F|  |TAMS 0x0000000748c00000, 0x0000000748c00000| Untracked 
|  57|0x0000000748e00000, 0x0000000748e00000, 0x0000000749000000|  0%| F|  |TAMS 0x0000000748e00000, 0x0000000748e00000| Untracked 
|  58|0x0000000749000000, 0x0000000749000000, 0x0000000749200000|  0%| F|  |TAMS 0x0000000749000000, 0x0000000749000000| Untracked 
|  59|0x0000000749200000, 0x0000000749200000, 0x0000000749400000|  0%| F|  |TAMS 0x0000000749200000, 0x0000000749200000| Untracked 
|  60|0x0000000749400000, 0x0000000749400000, 0x0000000749600000|  0%| F|  |TAMS 0x0000000749400000, 0x0000000749400000| Untracked 
|  61|0x0000000749600000, 0x0000000749600000, 0x0000000749800000|  0%| F|  |TAMS 0x0000000749600000, 0x0000000749600000| Untracked 
|  62|0x0000000749800000, 0x0000000749800000, 0x0000000749a00000|  0%| F|  |TAMS 0x0000000749800000, 0x0000000749800000| Untracked 
|  63|0x0000000749a00000, 0x0000000749a00000, 0x0000000749c00000|  0%| F|  |TAMS 0x0000000749a00000, 0x0000000749a00000| Untracked 
|  64|0x0000000749c00000, 0x0000000749c00000, 0x0000000749e00000|  0%| F|  |TAMS 0x0000000749c00000, 0x0000000749c00000| Untracked 
|  65|0x0000000749e00000, 0x0000000749e00000, 0x000000074a000000|  0%| F|  |TAMS 0x0000000749e00000, 0x0000000749e00000| Untracked 
|  66|0x000000074a000000, 0x000000074a000000, 0x000000074a200000|  0%| F|  |TAMS 0x000000074a000000, 0x000000074a000000| Untracked 
|  67|0x000000074a200000, 0x000000074a200000, 0x000000074a400000|  0%| F|  |TAMS 0x000000074a200000, 0x000000074a200000| Untracked 
|  68|0x000000074a400000, 0x000000074a400000, 0x000000074a600000|  0%| F|  |TAMS 0x000000074a400000, 0x000000074a400000| Untracked 
|  69|0x000000074a600000, 0x000000074a600000, 0x000000074a800000|  0%| F|  |TAMS 0x000000074a600000, 0x000000074a600000| Untracked 
|  70|0x000000074a800000, 0x000000074a800000, 0x000000074aa00000|  0%| F|  |TAMS 0x000000074a800000, 0x000000074a800000| Untracked 
|  71|0x000000074aa00000, 0x000000074aa00000, 0x000000074ac00000|  0%| F|  |TAMS 0x000000074aa00000, 0x000000074aa00000| Untracked 
|  72|0x000000074ac00000, 0x000000074ac00000, 0x000000074ae00000|  0%| F|  |TAMS 0x000000074ac00000, 0x000000074ac00000| Untracked 
|  73|0x000000074ae00000, 0x000000074ae00000, 0x000000074b000000|  0%| F|  |TAMS 0x000000074ae00000, 0x000000074ae00000| Untracked 
|  74|0x000000074b000000, 0x000000074b000000, 0x000000074b200000|  0%| F|  |TAMS 0x000000074b000000, 0x000000074b000000| Untracked 
|  75|0x000000074b200000, 0x000000074b200000, 0x000000074b400000|  0%| F|  |TAMS 0x000000074b200000, 0x000000074b200000| Untracked 
|  76|0x000000074b400000, 0x000000074b400000, 0x000000074b600000|  0%| F|  |TAMS 0x000000074b400000, 0x000000074b400000| Untracked 
|  77|0x000000074b600000, 0x000000074b600000, 0x000000074b800000|  0%| F|  |TAMS 0x000000074b600000, 0x000000074b600000| Untracked 
|  78|0x000000074b800000, 0x000000074b800000, 0x000000074ba00000|  0%| F|  |TAMS 0x000000074b800000, 0x000000074b800000| Untracked 
|  79|0x000000074ba00000, 0x000000074ba00000, 0x000000074bc00000|  0%| F|  |TAMS 0x000000074ba00000, 0x000000074ba00000| Untracked 
|  80|0x000000074bc00000, 0x000000074bc00000, 0x000000074be00000|  0%| F|  |TAMS 0x000000074bc00000, 0x000000074bc00000| Untracked 
|  81|0x000000074be00000, 0x000000074be00000, 0x000000074c000000|  0%| F|  |TAMS 0x000000074be00000, 0x000000074be00000| Untracked 
|  82|0x000000074c000000, 0x000000074c000000, 0x000000074c200000|  0%| F|  |TAMS 0x000000074c000000, 0x000000074c000000| Untracked 
|  83|0x000000074c200000, 0x000000074c200000, 0x000000074c400000|  0%| F|  |TAMS 0x000000074c200000, 0x000000074c200000| Untracked 
|  84|0x000000074c400000, 0x000000074c400000, 0x000000074c600000|  0%| F|  |TAMS 0x000000074c400000, 0x000000074c400000| Untracked 
|  85|0x000000074c600000, 0x000000074c600000, 0x000000074c800000|  0%| F|  |TAMS 0x000000074c600000, 0x000000074c600000| Untracked 
|  86|0x000000074c800000, 0x000000074c800000, 0x000000074ca00000|  0%| F|  |TAMS 0x000000074c800000, 0x000000074c800000| Untracked 
|  87|0x000000074ca00000, 0x000000074ca00000, 0x000000074cc00000|  0%| F|  |TAMS 0x000000074ca00000, 0x000000074ca00000| Untracked 
|  88|0x000000074cc00000, 0x000000074cc00000, 0x000000074ce00000|  0%| F|  |TAMS 0x000000074cc00000, 0x000000074cc00000| Untracked 
|  89|0x000000074ce00000, 0x000000074ce00000, 0x000000074d000000|  0%| F|  |TAMS 0x000000074ce00000, 0x000000074ce00000| Untracked 
|  90|0x000000074d000000, 0x000000074d000000, 0x000000074d200000|  0%| F|  |TAMS 0x000000074d000000, 0x000000074d000000| Untracked 
|  91|0x000000074d200000, 0x000000074d200000, 0x000000074d400000|  0%| F|  |TAMS 0x000000074d200000, 0x000000074d200000| Untracked 
|  92|0x000000074d400000, 0x000000074d400000, 0x000000074d600000|  0%| F|  |TAMS 0x000000074d400000, 0x000000074d400000| Untracked 
|  93|0x000000074d600000, 0x000000074d600000, 0x000000074d800000|  0%| F|  |TAMS 0x000000074d600000, 0x000000074d600000| Untracked 
|  94|0x000000074d800000, 0x000000074d8e1ce8, 0x000000074da00000| 44%| E|  |TAMS 0x000000074d800000, 0x000000074d800000| Complete 
|  95|0x000000074da00000, 0x000000074dc00000, 0x000000074dc00000|100%| E|CS|TAMS 0x000000074da00000, 0x000000074da00000| Complete 

Card table byte_map: [0x000001f81acd0000,0x000001f81b2d0000] _byte_map_base: 0x000001f8172c2000

Marking Bits (Prev, Next): (CMBitMap*) 0x000001f8079b5d80, (CMBitMap*) 0x000001f8079b5dc0
 Prev Bits: [0x000001f81b8d0000, 0x000001f81e860000)
 Next Bits: [0x000001f81e860000, 0x000001f8217f0000)

Polling page: 0x000001f805940000

Metaspace:

Usage:
  Non-class:      6.23 MB capacity,     6.07 MB ( 98%) used,   155.16 KB (  2%) free+waste,     3.00 KB ( <1%) overhead. 
      Class:    589.00 KB capacity,   572.05 KB ( 97%) used,    16.07 KB (  3%) free+waste,   896 bytes ( <1%) overhead. 
       Both:      6.80 MB capacity,     6.63 MB ( 97%) used,   171.23 KB (  2%) free+waste,     3.88 KB ( <1%) overhead. 

Virtual space:
  Non-class space:       16.00 MB reserved,       6.25 MB ( 39%) committed 
      Class space:        1.00 GB reserved,     640.00 KB ( <1%) committed 
             Both:        1.02 GB reserved,       6.88 MB ( <1%) committed 

Chunk freelists:
   Non-Class:  22.00 KB
       Class:  19.00 KB
        Both:  41.00 KB

MaxMetaspaceSize: 17179869184.00 GB
CompressedClassSpaceSize: 1.00 GB

CodeHeap 'non-profiled nmethods': size=120000Kb used=57Kb max_used=57Kb free=119942Kb
 bounds [0x000001f812e60000, 0x000001f8130d0000, 0x000001f81a390000]
CodeHeap 'profiled nmethods': size=120000Kb used=281Kb max_used=281Kb free=119719Kb
 bounds [0x000001f80b930000, 0x000001f80bba0000, 0x000001f812e60000]
CodeHeap 'non-nmethods': size=5760Kb used=1111Kb max_used=1116Kb free=4649Kb
 bounds [0x000001f80b390000, 0x000001f80b600000, 0x000001f80b930000]
 total_blobs=572 nmethods=220 adapters=265
 compilation: enabled
              stopped_count=0, restarted_count=0
 full_count=0

Compilation events (20 events):
Event: 0.173 Thread 0x000001f824ad1ca0  181       3       java.lang.Character::isSurrogate (18 bytes)
Event: 0.173 Thread 0x000001f824ad1ca0 nmethod 181 0x000001f80b966990 code [0x000001f80b966b20, 0x000001f80b966c98]
Event: 0.173 Thread 0x000001f824ad1ca0  182       3       sun.nio.cs.UTF_8$Decoder::isMalformed3 (45 bytes)
Event: 0.174 Thread 0x000001f824ad1ca0 nmethod 182 0x000001f80b966d10 code [0x000001f80b966ea0, 0x000001f80b9670b8]
Event: 0.175 Thread 0x000001f824ad1ca0  183       3       java.lang.String::charAt (25 bytes)
Event: 0.175 Thread 0x000001f824ad1ca0 nmethod 183 0x000001f80b967190 code [0x000001f80b967380, 0x000001f80b967898]
Event: 0.175 Thread 0x000001f824ad1ca0  184       3       java.util.Arrays::copyOf (19 bytes)
Event: 0.176 Thread 0x000001f824ad1ca0 nmethod 184 0x000001f80b967a90 code [0x000001f80b967c40, 0x000001f80b967f28]
Event: 0.176 Thread 0x000001f824ad1ca0  185       3       java.lang.StringUTF16::putChar (54 bytes)
Event: 0.176 Thread 0x000001f824ad1ca0 nmethod 185 0x000001f80b968090 code [0x000001f80b968220, 0x000001f80b968358]
Event: 0.176 Thread 0x000001f824ad1ca0  186       3       java.lang.AbstractStringBuilder::newCapacity (59 bytes)
Event: 0.176 Thread 0x000001f824ad1ca0 nmethod 186 0x000001f80b968490 code [0x000001f80b968680, 0x000001f80b968bb8]
Event: 0.176 Thread 0x000001f824ad1ca0  187       3       java.lang.StringUTF16::checkBoundsOffCount (10 bytes)
Event: 0.176 Thread 0x000001f824ad1ca0 nmethod 187 0x000001f80b968e10 code [0x000001f80b968fc0, 0x000001f80b969128]
Event: 0.176 Thread 0x000001f824ad1ca0  188       3       java.lang.StringUTF16::compress (50 bytes)
Event: 0.177 Thread 0x000001f824ad1ca0 nmethod 188 0x000001f80b969210 code [0x000001f80b9693c0, 0x000001f80b9695f8]
Event: 0.177 Thread 0x000001f824ad1ca0  189       3       java.lang.Math::max (11 bytes)
Event: 0.177 Thread 0x000001f824ad1ca0 nmethod 189 0x000001f80b969790 code [0x000001f80b969920, 0x000001f80b969a58]
Event: 0.177 Thread 0x000001f824ad1ca0  190   !   3       java.io.BufferedReader::readLine (304 bytes)
Event: 0.177 Thread 0x000001f824ad12f0  193       4       java.lang.StringUTF16::putChar (54 bytes)

GC Heap History (0 events):
No events

Deoptimization events (8 events):
Event: 0.115 Thread 0x000001f80796ff00 Uncommon trap: trap_request=0xffffff45 fr.pc=0x000001f812e644bc relative=0x000000000000021c
Event: 0.115 Thread 0x000001f80796ff00 Uncommon trap: reason=unstable_if action=reinterpret pc=0x000001f812e644bc method=java.lang.String.hashCode()I @ 13 c2
Event: 0.115 Thread 0x000001f80796ff00 DEOPT PACKING pc=0x000001f812e644bc sp=0x000000e7745fc860
Event: 0.115 Thread 0x000001f80796ff00 DEOPT UNPACKING pc=0x000001f80b3de42f sp=0x000000e7745fc7f8 mode 2
Event: 0.173 Thread 0x000001f80796ff00 Uncommon trap: trap_request=0xffffff45 fr.pc=0x000001f812e6b8a8 relative=0x0000000000000088
Event: 0.173 Thread 0x000001f80796ff00 Uncommon trap: reason=unstable_if action=reinterpret pc=0x000001f812e6b8a8 method=java.lang.String.charAt(I)C @ 4 c2
Event: 0.173 Thread 0x000001f80796ff00 DEOPT PACKING pc=0x000001f812e6b8a8 sp=0x000000e7745fee70
Event: 0.173 Thread 0x000001f80796ff00 DEOPT UNPACKING pc=0x000001f80b3de42f sp=0x000000e7745fee10 mode 2

Classes unloaded (0 events):
No events

Classes redefined (0 events):
No events

Internal exceptions (0 events):
No events

Events (20 events):
Event: 0.167 loading class java/util/stream/IntPipeline$9$1
Event: 0.168 loading class java/util/stream/Sink$ChainedInt
Event: 0.168 loading class java/util/stream/Sink$ChainedInt done
Event: 0.168 loading class java/util/stream/IntPipeline$9$1 done
Event: 0.168 loading class java/lang/StringUTF16$CharsSpliterator
Event: 0.168 loading class java/lang/StringUTF16$CharsSpliterator done
Event: 0.168 loading class java/lang/CharacterData00
Event: 0.168 loading class java/lang/CharacterData00 done
Event: 0.170 loading class java/text/DecimalFormat
Event: 0.171 loading class java/text/DecimalFormat done
Event: 0.171 loading class java/text/FieldPosition
Event: 0.171 loading class java/text/FieldPosition done
Event: 0.171 loading class java/text/DigitList
Event: 0.172 loading class java/text/DigitList done
Event: 0.172 loading class java/math/RoundingMode
Event: 0.172 loading class java/math/RoundingMode done
Event: 0.172 loading class java/io/BufferedReader
Event: 0.173 loading class java/io/BufferedReader done
Event: 0.176 loading class java/util/ArrayList$SubList
Event: 0.176 loading class java/util/ArrayList$SubList done


Dynamic libraries:
0x00007ff749340000 - 0x00007ff74934d000 	C:\eclipse\plugins\org.eclipse.justj.openjdk.hotspot.jre.full.win32.x86_64_15.0.2.v20210201-0955\jre\bin\javaw.exe
0x00007ffdc8eb0000 - 0x00007ffdc90a5000 	C:\WINDOWS\SYSTEM32\ntdll.dll
0x00007ffdc88c0000 - 0x00007ffdc897d000 	C:\WINDOWS\System32\KERNEL32.DLL
0x00007ffdc6750000 - 0x00007ffdc6a18000 	C:\WINDOWS\System32\KERNELBASE.dll
0x00007ffdc6c50000 - 0x00007ffdc6d50000 	C:\WINDOWS\System32\ucrtbase.dll
0x00007ffdb3ba0000 - 0x00007ffdb3bb8000 	C:\eclipse\plugins\org.eclipse.justj.openjdk.hotspot.jre.full.win32.x86_64_15.0.2.v20210201-0955\jre\bin\jli.dll
0x00007ffdc2180000 - 0x00007ffdc2199000 	C:\eclipse\plugins\org.eclipse.justj.openjdk.hotspot.jre.full.win32.x86_64_15.0.2.v20210201-0955\jre\bin\VCRUNTIME140.dll
0x00007ffdc7950000 - 0x00007ffdc7af0000 	C:\WINDOWS\System32\USER32.dll
0x00007ffdc6ee0000 - 0x00007ffdc6f02000 	C:\WINDOWS\System32\win32u.dll
0x00007ffdc8890000 - 0x00007ffdc88ba000 	C:\WINDOWS\System32\GDI32.dll
0x00007ffdac630000 - 0x00007ffdac8ca000 	C:\WINDOWS\WinSxS\amd64_microsoft.windows.common-controls_6595b64144ccf1df_6.0.19041.844_none_ca00b6081b84eb1d\COMCTL32.dll
0x00007ffdc6640000 - 0x00007ffdc674b000 	C:\WINDOWS\System32\gdi32full.dll
0x00007ffdc7dc0000 - 0x00007ffdc7e5e000 	C:\WINDOWS\System32\msvcrt.dll
0x00007ffdc6b30000 - 0x00007ffdc6bcd000 	C:\WINDOWS\System32\msvcp_win.dll
0x00007ffdc7d90000 - 0x00007ffdc7dc0000 	C:\WINDOWS\System32\IMM32.DLL
0x00007ffdbf7d0000 - 0x00007ffdbf7dc000 	C:\eclipse\plugins\org.eclipse.justj.openjdk.hotspot.jre.full.win32.x86_64_15.0.2.v20210201-0955\jre\bin\vcruntime140_1.dll
0x00007ffdbedc0000 - 0x00007ffdbee51000 	C:\eclipse\plugins\org.eclipse.justj.openjdk.hotspot.jre.full.win32.x86_64_15.0.2.v20210201-0955\jre\bin\msvcp140.dll
0x00007ffd81bf0000 - 0x00007ffd8274e000 	C:\eclipse\plugins\org.eclipse.justj.openjdk.hotspot.jre.full.win32.x86_64_15.0.2.v20210201-0955\jre\bin\server\jvm.dll
0x00007ffdc7770000 - 0x00007ffdc781c000 	C:\WINDOWS\System32\ADVAPI32.dll
0x00007ffdc8750000 - 0x00007ffdc87eb000 	C:\WINDOWS\System32\sechost.dll
0x00007ffdc7820000 - 0x00007ffdc794b000 	C:\WINDOWS\System32\RPCRT4.dll
0x00007ffdc8090000 - 0x00007ffdc8098000 	C:\WINDOWS\System32\PSAPI.DLL
0x00007ffdbf760000 - 0x00007ffdbf769000 	C:\WINDOWS\SYSTEM32\WSOCK32.dll
0x00007ffdbf780000 - 0x00007ffdbf7a7000 	C:\WINDOWS\SYSTEM32\WINMM.dll
0x00007ffdb74d0000 - 0x00007ffdb74da000 	C:\WINDOWS\SYSTEM32\VERSION.dll
0x00007ffdc7b50000 - 0x00007ffdc7bbb000 	C:\WINDOWS\System32\WS2_32.dll
0x00007ffdc4f10000 - 0x00007ffdc4f22000 	C:\WINDOWS\SYSTEM32\kernel.appcore.dll
0x00007ffdbd950000 - 0x00007ffdbd95a000 	C:\eclipse\plugins\org.eclipse.justj.openjdk.hotspot.jre.full.win32.x86_64_15.0.2.v20210201-0955\jre\bin\jimage.dll
0x00007ffdc4440000 - 0x00007ffdc4624000 	C:\WINDOWS\SYSTEM32\DBGHELP.DLL
0x00007ffdb7550000 - 0x00007ffdb757c000 	C:\WINDOWS\SYSTEM32\dbgcore.DLL
0x00007ffdc6bd0000 - 0x00007ffdc6c50000 	C:\WINDOWS\System32\bcryptPrimitives.dll
0x00007ffdb3bc0000 - 0x00007ffdb3be5000 	C:\eclipse\plugins\org.eclipse.justj.openjdk.hotspot.jre.full.win32.x86_64_15.0.2.v20210201-0955\jre\bin\java.dll
0x00007ffdb38e0000 - 0x00007ffdb38f8000 	C:\eclipse\plugins\org.eclipse.justj.openjdk.hotspot.jre.full.win32.x86_64_15.0.2.v20210201-0955\jre\bin\zip.dll
0x00007ffdc7020000 - 0x00007ffdc7762000 	C:\WINDOWS\System32\SHELL32.dll
0x00007ffdc4710000 - 0x00007ffdc4ea1000 	C:\WINDOWS\SYSTEM32\windows.storage.dll
0x00007ffdc8320000 - 0x00007ffdc8675000 	C:\WINDOWS\System32\combase.dll
0x00007ffdc6060000 - 0x00007ffdc608c000 	C:\WINDOWS\SYSTEM32\Wldp.dll
0x00007ffdc6f10000 - 0x00007ffdc6fbe000 	C:\WINDOWS\System32\SHCORE.dll
0x00007ffdc6fc0000 - 0x00007ffdc7015000 	C:\WINDOWS\System32\shlwapi.dll
0x00007ffdc6530000 - 0x00007ffdc654f000 	C:\WINDOWS\SYSTEM32\profapi.dll

dbghelp: loaded successfully - version: 4.0.5 - missing functions: none
symbol engine: initialized successfully - sym options: 0x614 - pdb path: .;C:\eclipse\plugins\org.eclipse.justj.openjdk.hotspot.jre.full.win32.x86_64_15.0.2.v20210201-0955\jre\bin;C:\WINDOWS\SYSTEM32;C:\WINDOWS\WinSxS\amd64_microsoft.windows.common-controls_6595b64144ccf1df_6.0.19041.844_none_ca00b6081b84eb1d;C:\eclipse\plugins\org.eclipse.justj.openjdk.hotspot.jre.full.win32.x86_64_15.0.2.v20210201-0955\jre\bin\server

VM Arguments:
jvm_args: -Dfile.encoding=UTF-8 -XX:+ShowCodeDetailsInExceptionMessages 
java_command: com.project.EmployeeAnonymous
java_class_path (initial): D:\class\java\BusinessERP\bin
Launcher Type: SUN_STANDARD

[Global flags]
     intx CICompilerCount                          = 4                                         {product} {ergonomic}
     uint ConcGCThreads                            = 2                                         {product} {ergonomic}
     uint G1ConcRefinementThreads                  = 8                                         {product} {ergonomic}
   size_t G1HeapRegionSize                         = 2097152                                   {product} {ergonomic}
    uintx GCDrainStackTargetSize                   = 64                                        {product} {ergonomic}
   size_t InitialHeapSize                          = 201326592                                 {product} {ergonomic}
   size_t MarkStackSize                            = 4194304                                   {product} {ergonomic}
   size_t MaxHeapSize                              = 3191865344                                {product} {ergonomic}
   size_t MaxNewSize                               = 1914699776                                {product} {ergonomic}
   size_t MinHeapDeltaBytes                        = 2097152                                   {product} {ergonomic}
   size_t MinHeapSize                              = 8388608                                   {product} {ergonomic}
    uintx NonNMethodCodeHeapSize                   = 5839372                                {pd product} {ergonomic}
    uintx NonProfiledCodeHeapSize                  = 122909434                              {pd product} {ergonomic}
    uintx ProfiledCodeHeapSize                     = 122909434                              {pd product} {ergonomic}
    uintx ReservedCodeCacheSize                    = 251658240                              {pd product} {ergonomic}
     bool SegmentedCodeCache                       = true                                      {product} {ergonomic}
     bool ShowCodeDetailsInExceptionMessages       = true                                   {manageable} {command line}
   size_t SoftMaxHeapSize                          = 3191865344                             {manageable} {ergonomic}
     bool UseCompressedClassPointers               = true                                 {lp64_product} {ergonomic}
     bool UseCompressedOops                        = true                                 {lp64_product} {ergonomic}
     bool UseG1GC                                  = true                                      {product} {ergonomic}
     bool UseLargePagesIndividualAllocation        = false                                  {pd product} {ergonomic}

Logging:
Log output configuration:
 #0: stdout all=warning uptime,level,tags
 #1: stderr all=off uptime,level,tags

Environment Variables:
JAVA_HOME=C:\Program Files\Java\jdk1.8.0_281
PATH=C:/eclipse//plugins/org.eclipse.justj.openjdk.hotspot.jre.full.win32.x86_64_15.0.2.v20210201-0955/jre/bin/server;C:/eclipse//plugins/org.eclipse.justj.openjdk.hotspot.jre.full.win32.x86_64_15.0.2.v20210201-0955/jre/bin;C:\Program Files (x86)\Common Files\Oracle\Java\javapath;C:\WINDOWS\system32;C:\WINDOWS;C:\WINDOWS\System32\Wbem;C:\WINDOWS\System32\WindowsPowerShell\v1.0\;C:\WINDOWS\System32\OpenSSH\;C:\Program Files\Java\jdk1.8.0_281\bin;C:\Program Files\Git\cmd;C:\Users\tjddb\AppData\Local\Microsoft\WindowsApps;C:\Program Files\Bandizip\;C:\eclipse;
USERNAME=Seongyoon Kim
OS=Windows_NT
PROCESSOR_IDENTIFIER=Intel64 Family 6 Model 142 Stepping 10, GenuineIntel



---------------  S Y S T E M  ---------------

OS:
 Windows 10 , 64 bit Build 19041 (10.0.19041.928)
OS uptime: 2 days 2:14 hours

CPU: total 8 (initial active 8) (4 cores per cpu, 2 threads per core) family 6 model 142 stepping 10 microcode 0xe0, cmov, cx8, fxsr, mmx, sse, sse2, sse3, ssse3, sse4.1, sse4.2, popcnt, vzeroupper, avx, avx2, aes, clmul, erms, 3dnowpref, lzcnt, ht, tsc, tscinvbit, bmi1, bmi2, adx, fma, clflush, clflushopt

Memory: 4k page, system-wide physical 12172M (5039M free)
TotalPageFile size 12172M (AvailPageFile size 3M)
current process WorkingSet (physical memory assigned to process): 36M, peak: 36M
current process commit charge ("private bytes"): 273M, peak: 273M

vm_info: OpenJDK 64-Bit Server VM (15.0.2+7-27) for windows-amd64 JRE (15.0.2+7-27), built on Dec  7 2020 20:02:38 by "mach5one" with unknown MS VC++:1925

END.
