#
# There is insufficient memory for the Java Runtime Environment to continue.
# Native memory allocation (mmap) failed to map 201326592 bytes for G1 virtual space
# Possible reasons:
#   The system is out of physical RAM or swap space
#   The process is running with CompressedOops enabled, and the Java Heap may be blocking the growth of the native heap
# Possible solutions:
#   Reduce memory load on the system
#   Increase physical memory or swap space
#   Check if swap backing store is full
#   Decrease Java heap size (-Xmx/-Xms)
#   Decrease number of Java threads
#   Decrease Java thread stack sizes (-Xss)
#   Set larger code cache with -XX:ReservedCodeCacheSize=
#   JVM is running with Zero Based Compressed Oops mode in which the Java heap is
#     placed in the first 32GB address space. The Java Heap base address is the
#     maximum limit for the native heap growth. Please use -XX:HeapBaseMinAddress
#     to set the Java Heap base and to place the Java Heap above 32GB virtual address.
# This output file may be truncated or incomplete.
#
#  Out of Memory Error (os_windows.cpp:3466), pid=6960, tid=11164
#
# JRE version:  (16.0.1+9) (build )
# Java VM: OpenJDK 64-Bit Server VM (16.0.1+9-24, mixed mode, sharing, tiered, compressed oops, compressed class ptrs, g1 gc, windows-amd64)
# No core dump will be written. Minidumps are not enabled by default on client versions of Windows
#

---------------  S U M M A R Y ------------

Command Line: -Dfile.encoding=UTF-8 -XX:+ShowCodeDetailsInExceptionMessages com.afd.member.qna.SignupClassDummy

Host: Intel(R) Core(TM) i5-8250U CPU @ 1.60GHz, 8 cores, 11G,  Windows 10 , 64 bit Build 19041 (10.0.19041.1151)
Time: Tue Aug 24 09:49:28 2021  Windows 10 , 64 bit Build 19041 (10.0.19041.1151) elapsed time: 0.068561 seconds (0d 0h 0m 0s)

---------------  T H R E A D  ---------------

Current thread (0x000002554b368e10):  JavaThread "Unknown thread" [_thread_in_vm, id=11164, stack(0x000000b499900000,0x000000b499a00000)]

Stack: [0x000000b499900000,0x000000b499a00000]
Native frames: (J=compiled Java code, j=interpreted, Vv=VM code, C=native code)
V  [jvm.dll+0x6687ca]
V  [jvm.dll+0x7ca3c9]
V  [jvm.dll+0x7cbb53]
V  [jvm.dll+0x7cc1b3]
V  [jvm.dll+0x242ea5]
V  [jvm.dll+0x665589]
V  [jvm.dll+0x65a175]
V  [jvm.dll+0x2fc5ab]
V  [jvm.dll+0x3037a6]
V  [jvm.dll+0x352fee]
V  [jvm.dll+0x35321f]
V  [jvm.dll+0x2d3618]
V  [jvm.dll+0x2d4854]
V  [jvm.dll+0x79ccb1]
V  [jvm.dll+0x360de1]
V  [jvm.dll+0x77a990]
V  [jvm.dll+0x3e55af]
V  [jvm.dll+0x3e7081]
C  [jli.dll+0x52fb]
C  [ucrtbase.dll+0x21bb2]
C  [KERNEL32.DLL+0x17034]
C  [ntdll.dll+0x52651]


---------------  P R O C E S S  ---------------

Threads class SMR info:
_java_thread_list=0x00007fff6aa6cbb8, length=0, elements={
}

Java Threads: ( => current thread )

Other Threads:
  0x000002554b3ae220 GCTaskThread "GC Thread#0" [stack: 0x000000b499a00000,0x000000b499b00000] [id=14232]
  0x000002554b3bc4c0 ConcurrentGCThread "G1 Main Marker" [stack: 0x000000b499b00000,0x000000b499c00000] [id=3116]
  0x000002554b3bcec0 ConcurrentGCThread "G1 Conc#0" [stack: 0x000000b499c00000,0x000000b499d00000] [id=20984]

[error occurred during error reporting (printing all threads), id 0xc0000005, EXCEPTION_ACCESS_VIOLATION (0xc0000005) at pc=0x00007fff6a2444d7]

VM state: not at safepoint (not fully initialized)

VM Mutex/Monitor currently owned by a thread:  ([mutex/lock_event])
[0x000002554b365bc0] Heap_lock - owner thread: 0x000002554b368e10

Heap address: 0x0000000741c00000, size: 3044 MB, Compressed Oops mode: Zero based, Oop shift amount: 3

CDS archive(s) mapped at: [0x0000000000000000-0x0000000000000000-0x0000000000000000), size 0, SharedBaseAddress: 0x0000000800000000, ArchiveRelocationMode: 0.
Narrow klass base: 0x0000000000000000, Narrow klass shift: 0, Narrow klass range: 0x0

GC Precious Log:
<Empty>

Heap:
 garbage-first heap   total 0K, used 0K [0x0000000741c00000, 0x0000000800000000)
  region size 2048K, 0 young (0K), 0 survivors (0K)

[error occurred during error reporting (printing heap information), id 0xc0000005, EXCEPTION_ACCESS_VIOLATION (0xc0000005) at pc=0x00007fff6a6224ed]

GC Heap History (0 events):
No events

Deoptimization events (0 events):
No events

Classes unloaded (0 events):
No events

Classes redefined (0 events):
No events

Internal exceptions (0 events):
No events

Events (1 events):
Event: 0.058 Loaded shared library C:\Users\tjddb\.p2\pool\plugins\org.eclipse.justj.openjdk.hotspot.jre.full.win32.x86_64_16.0.1.v20210528-1205\jre\bin\java.dll


Dynamic libraries:
0x00007ff6c72c0000 - 0x00007ff6c72ce000 	C:\Users\tjddb\.p2\pool\plugins\org.eclipse.justj.openjdk.hotspot.jre.full.win32.x86_64_16.0.1.v20210528-1205\jre\bin\javaw.exe
0x00007fffd52f0000 - 0x00007fffd54e5000 	C:\WINDOWS\SYSTEM32\ntdll.dll
0x00007fffd47f0000 - 0x00007fffd48ad000 	C:\WINDOWS\System32\KERNEL32.DLL
0x00007fffd2d00000 - 0x00007fffd2fc9000 	C:\WINDOWS\System32\KERNELBASE.dll
0x00007fffd2b60000 - 0x00007fffd2c60000 	C:\WINDOWS\System32\ucrtbase.dll
0x00007fffc1150000 - 0x00007fffc1168000 	C:\Users\tjddb\.p2\pool\plugins\org.eclipse.justj.openjdk.hotspot.jre.full.win32.x86_64_16.0.1.v20210528-1205\jre\bin\jli.dll
0x00007fffd45c0000 - 0x00007fffd4760000 	C:\WINDOWS\System32\USER32.dll
0x00007fffc8f20000 - 0x00007fffc8f39000 	C:\Users\tjddb\.p2\pool\plugins\org.eclipse.justj.openjdk.hotspot.jre.full.win32.x86_64_16.0.1.v20210528-1205\jre\bin\VCRUNTIME140.dll
0x00007fffd32d0000 - 0x00007fffd32f2000 	C:\WINDOWS\System32\win32u.dll
0x00007fffd3cd0000 - 0x00007fffd3cfa000 	C:\WINDOWS\System32\GDI32.dll
0x00007fffd2a50000 - 0x00007fffd2b5b000 	C:\WINDOWS\System32\gdi32full.dll
0x00007fffd2c60000 - 0x00007fffd2cfd000 	C:\WINDOWS\System32\msvcp_win.dll
0x00007fffb64d0000 - 0x00007fffb676a000 	C:\WINDOWS\WinSxS\amd64_microsoft.windows.common-controls_6595b64144ccf1df_6.0.19041.1110_none_60b5254171f9507e\COMCTL32.dll
0x00007fffd3c30000 - 0x00007fffd3cce000 	C:\WINDOWS\System32\msvcrt.dll
0x00007fffd5080000 - 0x00007fffd50b0000 	C:\WINDOWS\System32\IMM32.DLL
0x00007fffca300000 - 0x00007fffca30c000 	C:\Users\tjddb\.p2\pool\plugins\org.eclipse.justj.openjdk.hotspot.jre.full.win32.x86_64_16.0.1.v20210528-1205\jre\bin\vcruntime140_1.dll
0x00007fffc1460000 - 0x00007fffc14f1000 	C:\Users\tjddb\.p2\pool\plugins\org.eclipse.justj.openjdk.hotspot.jre.full.win32.x86_64_16.0.1.v20210528-1205\jre\bin\msvcp140.dll
0x00007fff69f60000 - 0x00007fff6ab0b000 	C:\Users\tjddb\.p2\pool\plugins\org.eclipse.justj.openjdk.hotspot.jre.full.win32.x86_64_16.0.1.v20210528-1205\jre\bin\server\jvm.dll
0x00007fffd5200000 - 0x00007fffd52ac000 	C:\WINDOWS\System32\ADVAPI32.dll
0x00007fffd3d10000 - 0x00007fffd3dab000 	C:\WINDOWS\System32\sechost.dll
0x00007fffd3350000 - 0x00007fffd347a000 	C:\WINDOWS\System32\RPCRT4.dll
0x00007fffd3d00000 - 0x00007fffd3d08000 	C:\WINDOWS\System32\PSAPI.DLL
0x00007fffc5c00000 - 0x00007fffc5c0a000 	C:\WINDOWS\SYSTEM32\VERSION.dll
0x00007fffbf9a0000 - 0x00007fffbf9a9000 	C:\WINDOWS\SYSTEM32\WSOCK32.dll
0x00007fffc1eb0000 - 0x00007fffc1ed7000 	C:\WINDOWS\SYSTEM32\WINMM.dll
0x00007fffd4760000 - 0x00007fffd47cb000 	C:\WINDOWS\System32\WS2_32.dll
0x00007fffd12e0000 - 0x00007fffd12f2000 	C:\WINDOWS\SYSTEM32\kernel.appcore.dll
0x00007fffc8f00000 - 0x00007fffc8f0a000 	C:\Users\tjddb\.p2\pool\plugins\org.eclipse.justj.openjdk.hotspot.jre.full.win32.x86_64_16.0.1.v20210528-1205\jre\bin\jimage.dll
0x00007fffd0840000 - 0x00007fffd0a24000 	C:\WINDOWS\SYSTEM32\DBGHELP.DLL
0x00007fffc5880000 - 0x00007fffc58ac000 	C:\WINDOWS\SYSTEM32\dbgcore.DLL
0x00007fffd3240000 - 0x00007fffd32c3000 	C:\WINDOWS\System32\bcryptPrimitives.dll
0x00007fffc12d0000 - 0x00007fffc12f5000 	C:\Users\tjddb\.p2\pool\plugins\org.eclipse.justj.openjdk.hotspot.jre.full.win32.x86_64_16.0.1.v20210528-1205\jre\bin\java.dll

dbghelp: loaded successfully - version: 4.0.5 - missing functions: none
symbol engine: initialized successfully - sym options: 0x614 - pdb path: .;C:\Users\tjddb\.p2\pool\plugins\org.eclipse.justj.openjdk.hotspot.jre.full.win32.x86_64_16.0.1.v20210528-1205\jre\bin;C:\WINDOWS\SYSTEM32;C:\WINDOWS\WinSxS\amd64_microsoft.windows.common-controls_6595b64144ccf1df_6.0.19041.1110_none_60b5254171f9507e;C:\Users\tjddb\.p2\pool\plugins\org.eclipse.justj.openjdk.hotspot.jre.full.win32.x86_64_16.0.1.v20210528-1205\jre\bin\server

VM Arguments:
jvm_args: -Dfile.encoding=UTF-8 -XX:+ShowCodeDetailsInExceptionMessages 
java_command: com.afd.member.qna.SignupClassDummy
java_class_path (initial): D:\class\server\WebProject\build\classes;C:\apache-tomcat-8.5.66\lib\annotations-api.jar;C:\apache-tomcat-8.5.66\lib\catalina-ant.jar;C:\apache-tomcat-8.5.66\lib\catalina-ha.jar;C:\apache-tomcat-8.5.66\lib\catalina-storeconfig.jar;C:\apache-tomcat-8.5.66\lib\catalina-tribes.jar;C:\apache-tomcat-8.5.66\lib\catalina.jar;C:\apache-tomcat-8.5.66\lib\ecj-4.6.3.jar;C:\apache-tomcat-8.5.66\lib\el-api.jar;C:\apache-tomcat-8.5.66\lib\jasper-el.jar;C:\apache-tomcat-8.5.66\lib\jasper.jar;C:\apache-tomcat-8.5.66\lib\jaspic-api.jar;C:\apache-tomcat-8.5.66\lib\jsp-api.jar;C:\apache-tomcat-8.5.66\lib\servlet-api.jar;C:\apache-tomcat-8.5.66\lib\tomcat-api.jar;C:\apache-tomcat-8.5.66\lib\tomcat-coyote.jar;C:\apache-tomcat-8.5.66\lib\tomcat-dbcp.jar;C:\apache-tomcat-8.5.66\lib\tomcat-i18n-de.jar;C:\apache-tomcat-8.5.66\lib\tomcat-i18n-es.jar;C:\apache-tomcat-8.5.66\lib\tomcat-i18n-fr.jar;C:\apache-tomcat-8.5.66\lib\tomcat-i18n-ja.jar;C:\apache-tomcat-8.5.66\lib\tomcat-i18n-ko.jar;C:\apache-tomcat-8.5.66\lib\tomcat-i18n-ru.jar;C:\apache-tomcat-8.5.66\lib\tomcat-i18n-zh-CN.jar;C:\apache-tomcat-8.5.66\lib\tomcat-jdbc.jar;C:\apache-tomcat-8.5.66\lib\tomcat-jni.jar;C:\apache-tomcat-8.5.66\lib\tomcat-util-scan.jar;C:\apache-tomcat-8.5.66\lib\tomcat-util.jar;C:\apache-tomcat-8.5.66\lib\tomcat-websocket.jar;C:\apache-tomcat-8.5.66\lib\websocket-api.jar;D:\class\server\WebProject\src\main\webapp\WEB-INF\lib\cos.jar;D:\class\server\WebProject\src\main\webapp\WEB-INF\lib\json-simple-1.1.jar;D:\class\server\WebProject\src\main\webapp\WEB-INF\lib\jstl-1.2.jar;D:\class\server\WebProject\src\main\webapp\WEB-INF\lib\lib.zip;D:\class\server\WebProject\src\main\webapp\WEB-INF\lib\ojdbc6.jar
Launcher Type: SUN_STANDARD

[Global flags]
     intx CICompilerCount                          = 4                                         {product} {ergonomic}
     uint ConcGCThreads                            = 2                                         {product} {ergonomic}
     uint G1ConcRefinementThreads                  = 8                                         {product} {ergonomic}
   size_t G1HeapRegionSize                         = 2097152                                   {product} {ergonomic}
    uintx GCDrainStackTargetSize                   = 64                                        {product} {ergonomic}
   size_t InitialHeapSize                          = 201326592                                 {product} {ergonomic}
   size_t MarkStackSize                            = 4194304                                   {product} {ergonomic}
   size_t MaxHeapSize                              = 3191865344                                {product} {ergonomic}
   size_t MinHeapDeltaBytes                        = 2097152                                   {product} {ergonomic}
   size_t MinHeapSize                              = 8388608                                   {product} {ergonomic}
    uintx NonNMethodCodeHeapSize                   = 5839372                                {pd product} {ergonomic}
    uintx NonProfiledCodeHeapSize                  = 122909434                              {pd product} {ergonomic}
    uintx ProfiledCodeHeapSize                     = 122909434                              {pd product} {ergonomic}
    uintx ReservedCodeCacheSize                    = 251658240                              {pd product} {ergonomic}
     bool SegmentedCodeCache                       = true                                      {product} {ergonomic}
     bool ShowCodeDetailsInExceptionMessages       = true                                   {manageable} {command line}
   size_t SoftMaxHeapSize                          = 3191865344                             {manageable} {ergonomic}
     bool UseCompressedClassPointers               = true                           {product lp64_product} {ergonomic}
     bool UseCompressedOops                        = true                           {product lp64_product} {ergonomic}
     bool UseG1GC                                  = true                                      {product} {ergonomic}
     bool UseLargePagesIndividualAllocation        = false                                  {pd product} {ergonomic}

Logging:
Log output configuration:
 #0: stdout all=warning uptime,level,tags
 #1: stderr all=off uptime,level,tags

Environment Variables:
PATH=C:/Users/tjddb/.p2/pool/plugins/org.eclipse.justj.openjdk.hotspot.jre.full.win32.x86_64_16.0.1.v20210528-1205/jre/bin/server;C:/Users/tjddb/.p2/pool/plugins/org.eclipse.justj.openjdk.hotspot.jre.full.win32.x86_64_16.0.1.v20210528-1205/jre/bin;C:\Program Files\Common Files\Oracle\Java\javapath;C:\oraclexe\app\oracle\product\11.2.0\server\bin;C:\Program Files (x86)\Common Files\Oracle\Java\javapath;C:\WINDOWS\system32;C:\WINDOWS;C:\WINDOWS\System32\Wbem;C:\WINDOWS\System32\WindowsPowerShell\v1.0\;C:\WINDOWS\System32\OpenSSH\;C:\Program Files\Git\cmd;C:\Program Files\Microsoft VS Code\bin;C:\Program Files\nodejs\;C:\Program Files\dotnet\;C:\Users\tjddb\AppData\Local\Microsoft\WindowsApps;C:\Program Files\Bandizip\;C:\Users\tjddb\AppData\Roaming\npm;C:\Users\tjddb\AppData\Local\afreeca;C:\Users\tjddb\AppData\Local\GitHubDesktop\bin;C:\WINDOWS\System32;
USERNAME=Seongyoon Kim
OS=Windows_NT
PROCESSOR_IDENTIFIER=Intel64 Family 6 Model 142 Stepping 10, GenuineIntel



---------------  S Y S T E M  ---------------

OS:
 Windows 10 , 64 bit Build 19041 (10.0.19041.1151)
OS uptime: 1 days 17:27 hours

CPU: total 8 (initial active 8) (4 cores per cpu, 2 threads per core) family 6 model 142 stepping 10 microcode 0xe0, cx8, cmov, fxsr, ht, mmx, 3dnowpref, sse, sse2, sse3, ssse3, sse4.1, sse4.2, popcnt, lzcnt, tsc, tscinvbit, avx, avx2, aes, erms, clmul, bmi1, bmi2, adx, fma, vzeroupper, clflush, clflushopt

Memory: 4k page, system-wide physical 12172M (2879M free)
TotalPageFile size 12172M (AvailPageFile size 27M)
current process WorkingSet (physical memory assigned to process): 10M, peak: 10M
current process commit charge ("private bytes"): 59M, peak: 251M

vm_info: OpenJDK 64-Bit Server VM (16.0.1+9-24) for windows-amd64 JRE (16.0.1+9-24), built on Mar 26 2021 19:30:07 by "mach5one" with MS VC++ 16.7 (VS2019)

END.
